Flow report for de1_scr1
Wed Jul 13 12:18:35 2022
Quartus Prime Version 17.1.0 Build 590 10/25/2017 SJ Lite Edition


---------------------
; Table of Contents ;
---------------------
  1. Legal Notice
  2. Flow Summary
  3. Flow Settings
  4. Flow Non-Default Global Settings
  5. Flow Elapsed Time
  6. Flow OS Summary
  7. Flow Log
  8. Flow Messages
  9. Flow Suppressed Messages



----------------
; Legal Notice ;
----------------
Copyright (C) 2017  Intel Corporation. All rights reserved.
Your use of Intel Corporation's design tools, logic functions 
and other software and tools, and its AMPP partner logic 
functions, and any output files from any of the foregoing 
(including device programming or simulation files), and any 
associated documentation or information are expressly subject 
to the terms and conditions of the Intel Program License 
Subscription Agreement, the Intel Quartus Prime License Agreement,
the Intel FPGA IP License Agreement, or other applicable license
agreement, including, without limitation, that your use is for
the sole purpose of programming logic devices manufactured by
Intel and sold by Intel or its authorized distributors.  Please
refer to the applicable agreement for further details.



+-------------------------------------------------------------------------------+
; Flow Summary                                                                  ;
+---------------------------------+---------------------------------------------+
; Flow Status                     ; Successful - Wed Jul 13 12:18:25 2022       ;
; Quartus Prime Version           ; 17.1.0 Build 590 10/25/2017 SJ Lite Edition ;
; Revision Name                   ; de1_scr1                                    ;
; Top-level Entity Name           ; de10lite_scr1                               ;
; Family                          ; Cyclone V                                   ;
; Device                          ; 5CSEMA5F31C6                                ;
; Timing Models                   ; Final                                       ;
; Logic utilization (in ALMs)     ; 4,361 / 32,070 ( 14 % )                     ;
; Total registers                 ; 4294                                        ;
; Total pins                      ; 112 / 457 ( 25 % )                          ;
; Total virtual pins              ; 0                                           ;
; Total block memory bits         ; 1,575,296 / 4,065,280 ( 39 % )              ;
; Total DSP Blocks                ; 3 / 87 ( 3 % )                              ;
; Total HSSI RX PCSs              ; 0                                           ;
; Total HSSI PMA RX Deserializers ; 0                                           ;
; Total HSSI TX PCSs              ; 0                                           ;
; Total HSSI PMA TX Serializers   ; 0                                           ;
; Total PLLs                      ; 1 / 6 ( 17 % )                              ;
; Total DLLs                      ; 0 / 4 ( 0 % )                               ;
+---------------------------------+---------------------------------------------+


+-----------------------------------------+
; Flow Settings                           ;
+-------------------+---------------------+
; Option            ; Setting             ;
+-------------------+---------------------+
; Start date & time ; 07/13/2022 12:08:00 ;
; Main task         ; Compilation         ;
; Revision Name     ; de1_scr1            ;
+-------------------+---------------------+


+----------------------------------------------------------------------------------------------------------------------------+
; Flow Non-Default Global Settings                                                                                           ;
+--------------------------------------+----------------------------------------+---------------+---------------+------------+
; Assignment Name                      ; Value                                  ; Default Value ; Entity Name   ; Section Id ;
+--------------------------------------+----------------------------------------+---------------+---------------+------------+
; ADV_NETLIST_OPT_SYNTH_WYSIWYG_REMAP  ; On                                     ; Off           ; --            ; --         ;
; COMPILER_SIGNATURE_ID                ; 1097362275154.165769607920364          ; --            ; --            ; --         ;
; CYCLONEII_OPTIMIZATION_TECHNIQUE     ; -- (Not supported for targeted family) ; Balanced      ; --            ; --         ;
; FITTER_EFFORT                        ; Standard Fit                           ; Auto Fit      ; --            ; --         ;
; MAX_CORE_JUNCTION_TEMP               ; 85                                     ; --            ; --            ; --         ;
; MIN_CORE_JUNCTION_TEMP               ; 0                                      ; --            ; --            ; --         ;
; NUM_PARALLEL_PROCESSORS              ; All                                    ; --            ; --            ; --         ;
; OPTIMIZATION_MODE                    ; High Performance Effort                ; Balanced      ; --            ; --         ;
; OUTPUT_IO_TIMING_FAR_END_VMEAS       ; Half Signal Swing                      ; --            ; --            ; --         ;
; OUTPUT_IO_TIMING_FAR_END_VMEAS       ; Half Signal Swing                      ; --            ; --            ; --         ;
; OUTPUT_IO_TIMING_NEAR_END_VMEAS      ; Half Vccio                             ; --            ; --            ; --         ;
; OUTPUT_IO_TIMING_NEAR_END_VMEAS      ; Half Vccio                             ; --            ; --            ; --         ;
; PARTITION_COLOR                      ; -- (Not supported for targeted family) ; --            ; de10lite_scr1 ; Top        ;
; PARTITION_FITTER_PRESERVATION_LEVEL  ; -- (Not supported for targeted family) ; --            ; de10lite_scr1 ; Top        ;
; PARTITION_NETLIST_TYPE               ; -- (Not supported for targeted family) ; --            ; de10lite_scr1 ; Top        ;
; PHYSICAL_SYNTHESIS_COMBO_LOGIC       ; On                                     ; Off           ; --            ; --         ;
; PHYSICAL_SYNTHESIS_REGISTER_RETIMING ; On                                     ; Off           ; --            ; --         ;
; PLACEMENT_EFFORT_MULTIPLIER          ; 4.0                                    ; 1.0           ; --            ; --         ;
; POWER_BOARD_THERMAL_MODEL            ; None (CONSERVATIVE)                    ; --            ; --            ; --         ;
; POWER_PRESET_COOLING_SOLUTION        ; 23 MM HEAT SINK WITH 200 LFPM AIRFLOW  ; --            ; --            ; --         ;
; PROJECT_OUTPUT_DIRECTORY             ; output                                 ; --            ; --            ; --         ;
; ROUTER_TIMING_OPTIMIZATION_LEVEL     ; MAXIMUM                                ; Normal        ; --            ; --         ;
; SEARCH_PATH                          ; ../../../scr1/src/includes             ; --            ; --            ; --         ;
; SEARCH_PATH                          ; ip                                     ; --            ; --            ; --         ;
; SEARCH_PATH                          ; ip/uart                                ; --            ; --            ; --         ;
; TIMEQUEST_MULTICORNER_ANALYSIS       ; Off                                    ; On            ; --            ; --         ;
; TOP_LEVEL_ENTITY                     ; de10lite_scr1                          ; de1_scr1      ; --            ; --         ;
; VERILOG_MACRO                        ; SCR1_ARCH_CUSTOM=1                     ; --            ; --            ; --         ;
+--------------------------------------+----------------------------------------+---------------+---------------+------------+


+-------------------------------------------------------------------------------------------------------------------------------+
; Flow Elapsed Time                                                                                                             ;
+---------------------------+--------------+-------------------------+---------------------+------------------------------------+
; Module Name               ; Elapsed Time ; Average Processors Used ; Peak Virtual Memory ; Total CPU Time (on all processors) ;
+---------------------------+--------------+-------------------------+---------------------+------------------------------------+
; Analysis & Synthesis      ; 00:04:23     ; 1.0                     ; 4985 MB             ; 00:05:32                           ;
; Fitter                    ; 00:05:26     ; 1.3                     ; 7107 MB             ; 00:12:33                           ;
; Assembler                 ; 00:00:19     ; 1.0                     ; 4930 MB             ; 00:00:15                           ;
; TimeQuest Timing Analyzer ; 00:00:09     ; 2.4                     ; 5108 MB             ; 00:00:16                           ;
; Total                     ; 00:10:17     ; --                      ; --                  ; 00:18:36                           ;
+---------------------------+--------------+-------------------------+---------------------+------------------------------------+


+-----------------------------------------------------------------------------------------+
; Flow OS Summary                                                                         ;
+---------------------------+------------------+------------+------------+----------------+
; Module Name               ; Machine Hostname ; OS Name    ; OS Version ; Processor type ;
+---------------------------+------------------+------------+------------+----------------+
; Analysis & Synthesis      ; LAPTOP-T16S30NP  ; Windows 10 ; 10.0       ; x86_64         ;
; Fitter                    ; LAPTOP-T16S30NP  ; Windows 10 ; 10.0       ; x86_64         ;
; Assembler                 ; LAPTOP-T16S30NP  ; Windows 10 ; 10.0       ; x86_64         ;
; TimeQuest Timing Analyzer ; LAPTOP-T16S30NP  ; Windows 10 ; 10.0       ; x86_64         ;
+---------------------------+------------------+------------+------------+----------------+


------------
; Flow Log ;
------------
quartus_map --read_settings_files=on --write_settings_files=off de10lite_scr1 -c de1_scr1
quartus_fit --read_settings_files=off --write_settings_files=off de10lite_scr1 -c de1_scr1
quartus_asm --read_settings_files=off --write_settings_files=off de10lite_scr1 -c de1_scr1
quartus_sta de10lite_scr1 -c de1_scr1



